{"/home/yanick/code/garmin/frontend/app/components/RunGoalProgress.vue": {"path":"/home/yanick/code/garmin/frontend/app/components/RunGoalProgress.vue","statementMap":{"0":{"start":{"line":74,"column":14},"end":{"line":74,"column":null}},"1":{"start":{"line":76,"column":13},"end":{"line":76,"column":null}},"2":{"start":{"line":79,"column":2},"end":{"line":79,"column":null}},"3":{"start":{"line":79,"column":32},"end":{"line":79,"column":null}},"4":{"start":{"line":80,"column":2},"end":{"line":80,"column":null}},"5":{"start":{"line":80,"column":42},"end":{"line":80,"column":null}},"6":{"start":{"line":81,"column":2},"end":{"line":81,"column":null}},"7":{"start":{"line":15,"column":13},"end":{"line":15,"column":null}},"8":{"start":{"line":17,"column":15},"end":{"line":17,"column":null}},"9":{"start":{"line":18,"column":18},"end":{"line":18,"column":null}},"10":{"start":{"line":19,"column":18},"end":{"line":19,"column":67}},"11":{"start":{"line":22,"column":13},"end":{"line":22,"column":null}},"12":{"start":{"line":26,"column":15},"end":{"line":26,"column":null}},"13":{"start":{"line":32,"column":11},"end":{"line":32,"column":null}},"14":{"start":{"line":33,"column":13},"end":{"line":33,"column":null}},"15":{"start":{"line":35,"column":16},"end":{"line":35,"column":null}},"16":{"start":{"line":40,"column":11},"end":{"line":40,"column":null}},"17":{"start":{"line":41,"column":13},"end":{"line":41,"column":null}},"18":{"start":{"line":2,"column":2},"end":{"line":2,"column":null}},"19":{"start":{"line":10,"column":12},"end":{"line":10,"column":null}},"20":{"start":{"line":5,"column":8},"end":{"line":5,"column":null}},"21":{"start":{"line":6,"column":22},"end":{"line":54,"column":18}},"22":{"start":{"line":6,"column":58},"end":{"line":14,"column":null}},"23":{"start":{"line":17,"column":10},"end":{"line":54,"column":18}}},"fnMap":{"0":{"name":"(anonymous_0)","decl":{"start":{"line":71,"column":2},"end":{"line":71,"column":7}},"loc":{"start":{"line":71,"column":13},"end":{"line":82,"column":null}},"line":71},"1":{"name":"(anonymous_1)","decl":{"start":{"line":6,"column":58},"end":{"line":6,"column":null}},"loc":{"start":{"line":6,"column":58},"end":{"line":14,"column":null}},"line":6},"2":{"name":"(anonymous_2)","decl":{"start":{"line":17,"column":10},"end":{"line":17,"column":15}},"loc":{"start":{"line":17,"column":10},"end":{"line":54,"column":18}},"line":17}},"branchMap":{"0":{"loc":{"start":{"line":79,"column":2},"end":{"line":79,"column":null}},"type":"if","locations":[{"start":{"line":79,"column":2},"end":{"line":79,"column":null}},{"start":{},"end":{}}],"line":79},"1":{"loc":{"start":{"line":80,"column":2},"end":{"line":80,"column":null}},"type":"if","locations":[{"start":{"line":80,"column":2},"end":{"line":80,"column":null}},{"start":{},"end":{}}],"line":80},"2":{"loc":{"start":{"line":48,"column":10},"end":{"line":48,"column":null}},"type":"binary-expr","locations":[{"start":{"line":48,"column":10},"end":{"line":48,"column":48}},{"start":{"line":48,"column":15},"end":{"line":48,"column":null}}],"line":48}},"s":{"0":4,"1":4,"2":4,"3":1,"4":3,"5":2,"6":1,"7":3,"8":3,"9":3,"10":3,"11":3,"12":3,"13":3,"14":3,"15":3,"16":3,"17":3,"18":4,"19":4,"20":4,"21":4,"22":4,"23":4},"f":{"0":4,"1":4,"2":4},"b":{"0":[1,3],"1":[2,1],"2":[4,4]},"meta":{"lastBranch":3,"lastFunction":3,"lastStatement":24,"seen":{"f:71:2:71:7":0,"s:74:14:74:Infinity":0,"s:76:13:76:Infinity":1,"b:79:2:79:Infinity:undefined:undefined:undefined:undefined":0,"s:79:2:79:Infinity":2,"s:79:32:79:Infinity":3,"b:80:2:80:Infinity:undefined:undefined:undefined:undefined":1,"s:80:2:80:Infinity":4,"s:80:42:80:Infinity":5,"s:81:2:81:Infinity":6,"s:15:13:15:Infinity":7,"s:17:15:17:Infinity":8,"s:18:18:18:Infinity":9,"s:19:18:19:67":10,"s:22:13:22:Infinity":11,"s:26:15:26:Infinity":12,"s:32:11:32:Infinity":13,"s:33:13:33:Infinity":14,"s:35:16:35:Infinity":15,"s:40:11:40:Infinity":16,"s:41:13:41:Infinity":17,"s:2:2:2:Infinity":18,"s:10:12:10:Infinity":19,"s:5:8:5:Infinity":20,"s:6:22:54:18":21,"f:6:58:6:Infinity":1,"s:6:58:14:Infinity":22,"f:17:10:17:15":2,"s:17:10:54:18":23,"b:48:10:48:48:48:15:48:Infinity":2}}}
,"/home/yanick/code/garmin/frontend/app/components/WeeklySummary.vue": {"path":"/home/yanick/code/garmin/frontend/app/components/WeeklySummary.vue","statementMap":{"0":{"start":{"line":10,"column":13},"end":{"line":10,"column":null}},"1":{"start":{"line":19,"column":13},"end":{"line":19,"column":null}},"2":{"start":{"line":28,"column":13},"end":{"line":28,"column":null}},"3":{"start":{"line":37,"column":13},"end":{"line":37,"column":null}},"4":{"start":{"line":2,"column":2},"end":{"line":2,"column":null}},"5":{"start":{"line":6,"column":10},"end":{"line":6,"column":null}},"6":{"start":{"line":5,"column":6},"end":{"line":40,"column":null}},"7":{"start":{"line":11,"column":22},"end":{"line":18,"column":null}},"8":{"start":{"line":20,"column":22},"end":{"line":27,"column":null}},"9":{"start":{"line":29,"column":22},"end":{"line":36,"column":null}},"10":{"start":{"line":38,"column":22},"end":{"line":40,"column":null}}},"fnMap":{"0":{"name":"(anonymous_0)","decl":{"start":{"line":49,"column":2},"end":{"line":49,"column":7}},"loc":{"start":{"line":49,"column":26},"end":{"line":49,"column":null}},"line":49},"1":{"name":"(anonymous_1)","decl":{"start":{"line":11,"column":22},"end":{"line":11,"column":56}},"loc":{"start":{"line":11,"column":22},"end":{"line":18,"column":null}},"line":11},"2":{"name":"(anonymous_2)","decl":{"start":{"line":20,"column":22},"end":{"line":20,"column":57}},"loc":{"start":{"line":20,"column":22},"end":{"line":27,"column":null}},"line":20},"3":{"name":"(anonymous_3)","decl":{"start":{"line":29,"column":22},"end":{"line":29,"column":56}},"loc":{"start":{"line":29,"column":22},"end":{"line":36,"column":null}},"line":29},"4":{"name":"(anonymous_4)","decl":{"start":{"line":38,"column":22},"end":{"line":38,"column":56}},"loc":{"start":{"line":38,"column":22},"end":{"line":40,"column":null}},"line":38}},"branchMap":{"0":{"loc":{"start":{"line":5,"column":27},"end":{"line":5,"column":58}},"type":"binary-expr","locations":[{"start":{"line":5,"column":27},"end":{"line":5,"column":34}},{"start":{"line":5,"column":35},"end":{"line":5,"column":58}}],"line":5}},"s":{"0":3,"1":3,"2":3,"3":3,"4":2,"5":2,"6":2,"7":2,"8":2,"9":2,"10":2},"f":{"0":2,"1":2,"2":2,"3":2,"4":2},"b":{"0":[2,2]},"meta":{"lastBranch":1,"lastFunction":5,"lastStatement":11,"seen":{"f:49:2:49:7":0,"s:10:13:10:Infinity":0,"s:19:13:19:Infinity":1,"s:28:13:28:Infinity":2,"s:37:13:37:Infinity":3,"s:2:2:2:Infinity":4,"s:6:10:6:Infinity":5,"s:5:6:40:Infinity":6,"b:5:27:5:34:5:35:5:58":0,"f:11:22:11:56":1,"s:11:22:18:Infinity":7,"f:20:22:20:57":2,"s:20:22:27:Infinity":8,"f:29:22:29:56":3,"s:29:22:36:Infinity":9,"f:38:22:38:56":4,"s:38:22:40:Infinity":10}}}
,"/home/yanick/code/garmin/frontend/app/pages/index.vue": {"path":"/home/yanick/code/garmin/frontend/app/pages/index.vue","statementMap":{"0":{"start":{"line":109,"column":7},"end":{"line":2,"column":null}},"1":{"start":{"line":112,"column":2},"end":{"line":112,"column":null}},"2":{"start":{"line":139,"column":24},"end":{"line":142,"column":null}},"3":{"start":{"line":145,"column":24},"end":{"line":148,"column":null}},"4":{"start":{"line":146,"column":2},"end":{"line":146,"column":null}},"5":{"start":{"line":146,"column":26},"end":{"line":146,"column":null}},"6":{"start":{"line":147,"column":2},"end":{"line":147,"column":null}},"7":{"start":{"line":147,"column":26},"end":{"line":147,"column":null}},"8":{"start":{"line":148,"column":0},"end":{"line":148,"column":null}},"9":{"start":{"line":151,"column":19},"end":{"line":152,"column":null}},"10":{"start":{"line":152,"column":0},"end":{"line":152,"column":null}},"11":{"start":{"line":2,"column":7},"end":{"line":2,"column":null}},"12":{"start":{"line":37,"column":17},"end":{"line":37,"column":null}},"13":{"start":{"line":65,"column":91},"end":{"line":65,"column":null}},"14":{"start":{"line":72,"column":15},"end":{"line":72,"column":null}},"15":{"start":{"line":74,"column":15},"end":{"line":74,"column":null}},"16":{"start":{"line":98,"column":13},"end":{"line":98,"column":null}},"17":{"start":{"line":2,"column":2},"end":{"line":2,"column":7}},"18":{"start":{"line":3,"column":4},"end":{"line":3,"column":null}},"19":{"start":{"line":25,"column":14},"end":{"line":25,"column":null}},"20":{"start":{"line":5,"column":28},"end":{"line":5,"column":null}},"21":{"start":{"line":5,"column":6},"end":{"line":5,"column":17}},"22":{"start":{"line":12,"column":10},"end":{"line":12,"column":null}},"23":{"start":{"line":8,"column":10},"end":{"line":98,"column":13}},"24":{"start":{"line":63,"column":19},"end":{"line":44,"column":19}},"25":{"start":{"line":49,"column":14},"end":{"line":73,"column":null}}},"fnMap":{"0":{"name":"(anonymous_0)","decl":{"start":{"line":111,"column":8},"end":{"line":111,"column":13}},"loc":{"start":{"line":111,"column":25},"end":{"line":2,"column":null}},"line":111},"1":{"name":"(anonymous_1)","decl":{"start":{"line":145,"column":24},"end":{"line":145,"column":25}},"loc":{"start":{"line":145,"column":26},"end":{"line":148,"column":null}},"line":145},"2":{"name":"(anonymous_2)","decl":{"start":{"line":151,"column":19},"end":{"line":151,"column":20}},"loc":{"start":{"line":151,"column":32},"end":{"line":152,"column":null}},"line":151},"3":{"name":"(anonymous_3)","decl":{"start":{"line":63,"column":19},"end":{"line":63,"column":null}},"loc":{"start":{"line":63,"column":19},"end":{"line":44,"column":19}},"line":63},"4":{"name":"(anonymous_4)","decl":{"start":{"line":49,"column":14},"end":{"line":49,"column":null}},"loc":{"start":{"line":49,"column":14},"end":{"line":73,"column":null}},"line":49}},"branchMap":{"0":{"loc":{"start":{"line":146,"column":2},"end":{"line":146,"column":null}},"type":"if","locations":[{"start":{"line":146,"column":2},"end":{"line":146,"column":null}},{"start":{},"end":{}}],"line":146},"1":{"loc":{"start":{"line":147,"column":2},"end":{"line":147,"column":null}},"type":"if","locations":[{"start":{"line":147,"column":2},"end":{"line":147,"column":null}},{"start":{},"end":{}}],"line":147},"2":{"loc":{"start":{"line":152,"column":0},"end":{"line":152,"column":null}},"type":"if","locations":[{"start":{"line":152,"column":0},"end":{"line":152,"column":null}},{"start":{},"end":{}}],"line":152},"3":{"loc":{"start":{"line":11,"column":11},"end":{"line":21,"column":null}},"type":"cond-expr","locations":[{"start":{"line":21,"column":9},"end":{"line":21,"column":null}}],"line":11},"4":{"loc":{"start":{"line":18,"column":25},"end":{"line":18,"column":null}},"type":"binary-expr","locations":[{"start":{"line":18,"column":25},"end":{"line":18,"column":53}},{"start":{"line":18,"column":53},"end":{"line":18,"column":null}}],"line":18},"5":{"loc":{"start":{"line":23,"column":9},"end":{"line":23,"column":null}},"type":"binary-expr","locations":[{"start":{"line":23,"column":9},"end":{"line":23,"column":null}},{"start":{"line":23,"column":18},"end":{"line":23,"column":null}}],"line":23},"6":{"loc":{"start":{"line":27,"column":4},"end":{"line":27,"column":null}},"type":"binary-expr","locations":[{"start":{"line":27,"column":4},"end":{"line":27,"column":39}},{"start":{"line":27,"column":39},"end":{"line":27,"column":null}}],"line":27},"7":{"loc":{"start":{"line":28,"column":4},"end":{"line":30,"column":null}},"type":"binary-expr","locations":[{"start":{"line":28,"column":4},"end":{"line":30,"column":null}},{"start":{"line":30,"column":14},"end":{"line":30,"column":null}}],"line":28},"8":{"loc":{"start":{"line":29,"column":6},"end":{"line":29,"column":null}},"type":"binary-expr","locations":[{"start":{"line":29,"column":6},"end":{"line":29,"column":null}},{"start":{"line":29,"column":23},"end":{"line":29,"column":null}}],"line":29},"9":{"loc":{"start":{"line":39,"column":64},"end":{"line":39,"column":82}},"type":"binary-expr","locations":[{"start":{"line":39,"column":64},"end":{"line":39,"column":72}},{"start":{"line":39,"column":64},"end":{"line":39,"column":82}}],"line":39},"10":{"loc":{"start":{"line":63,"column":19},"end":{"line":44,"column":17}},"type":"binary-expr","locations":[{"start":{"line":63,"column":19},"end":{"line":63,"column":null}},{"start":{"line":63,"column":19},"end":{"line":44,"column":17}}],"line":63},"11":{"loc":{"start":{"line":51,"column":19},"end":{"line":51,"column":null}},"type":"binary-expr","locations":[{"start":{"line":51,"column":19},"end":{"line":51,"column":null}},{"start":{"line":51,"column":25},"end":{"line":51,"column":null}}],"line":51},"12":{"loc":{"start":{"line":71,"column":6},"end":{"line":73,"column":null}},"type":"cond-expr","locations":[{"start":{"line":72,"column":6},"end":{"line":100,"column":null}},{"start":{"line":73,"column":8},"end":{"line":73,"column":null}}],"line":71},"13":{"loc":{"start":{"line":71,"column":6},"end":{"line":71,"column":null}},"type":"binary-expr","locations":[{"start":{"line":71,"column":6},"end":{"line":71,"column":36}},{"start":{"line":71,"column":6},"end":{"line":71,"column":36}},{"start":{"line":71,"column":36},"end":{"line":71,"column":null}}],"line":71},"14":{"loc":{"start":{"line":83,"column":16},"end":{"line":83,"column":81}},"type":"binary-expr","locations":[{"start":{"line":83,"column":16},"end":{"line":83,"column":28}},{"start":{"line":83,"column":16},"end":{"line":83,"column":81}}],"line":83}},"s":{"0":2,"1":0,"2":0,"3":0,"4":0,"5":0,"6":0,"7":0,"8":0,"9":0,"10":0,"11":0,"12":2,"13":2,"14":2,"15":2,"16":2,"17":0,"18":0,"19":0,"20":0,"21":0,"22":0,"23":0,"24":0,"25":0},"f":{"0":0,"1":0,"2":0,"3":0,"4":0},"b":{"0":[0,0],"1":[0,0],"2":[0,0],"3":[0,null],"4":[0,0],"5":[0,0],"6":[0,0],"7":[0,0],"8":[0,0],"9":[0,0],"10":[0,0],"11":[0,0],"12":[0,0],"13":[0,0,0],"14":[0,0]},"meta":{"lastBranch":0,"lastFunction":0,"lastStatement":0,"seen":{}}}
}
